<?xml version="1.0" encoding="UTF-8"?>
<!-- Generated by org.testng.reporters.JUnitReportReporter -->
<testsuite name="page.TestLead" tests="1" time="3.256" ignored="0" failures="0" timestamp="27 三月 2024 10:45:46 GMT" skipped="0" hostname="LAPTOP-ISBERBL9" errors="0">
  <testcase name="SearchName" time="3.256" classname="page.TestLead"/>
</testsuite> <!-- page.TestLead -->
